<?xml version="1.0" encoding="UTF-8"?>
<!-- Generated by org.testng.reporters.JUnitXMLReporter -->
<testsuite ignored="0" hostname="RahulMandal" failures="0" tests="2" name="DepositFundTest" time="5.821" errors="0" timestamp="2023-08-14T17:56:06 IST">
  <testcase classname="frontEndTesting.DepositFundTest" name="depositFundInPrimaryAccount" time="1.584"/>
  <testcase classname="frontEndTesting.DepositFundTest" name="depositFundInSavingAccount" time="1.406"/>
</testsuite> <!-- DepositFundTest -->
