<?xml version="1.0" encoding="UTF-8"?>
<!-- Generated by org.testng.reporters.JUnitXMLReporter -->
<testsuite ignored="0" hostname="RahulMandal" failures="0" tests="3" name="TransferFundTest" time="11.525" errors="0" timestamp="2023-08-14T17:56:21 IST">
  <testcase classname="frontEndTesting.TransferFundTest" name="transferFund" time="3.293"/>
  <testcase classname="frontEndTesting.TransferFundTest" name="transferFundGreaterThanBalance" time="2.686"/>
  <testcase classname="frontEndTesting.TransferFundTest" name="transferFundWithIncorrectAccountNumber" time="2.683"/>
</testsuite> <!-- TransferFundTest -->
